0000	DATA1 SEGMENT 
0000	05	VB DB 101B 
0001	41F 420 418 412 404 422 СРІМЇ DB 'ПРИВЄТ' 
0007	DATA1 ENDS 
0000	DATA2 SEGMENT 
0000	0197	VW DW 407D 
0002	56FDA	VD DD 56FDAH 
0006	DATA2 ENDS 
	ASSUME CS: CODE, DS: DATA1 
0000	CODE SEGMENT 
0100	ORG 100H 
0100	START : 
0100	FB	STI 
0101	06	PUSH ES 
0102	66| 58	POP AX 
0104	66| 53	PUSH BX 
0106	66| 59	POP CX 
0108	POINT : 
0108	66| 85 FE	TEST DI, SI 
010B	66| 85 C2	TEST AX, DX 
010E	84 D9	TEST BL, CL 
0110	64: 67| 0A 9D	OR BL, FS: VB[DI] 
0116	74 F0	JZ POINT 
0118	67| 66| 29 9C	SUB AX[SI], BX 
011E	D0 CC ROR AH, 01B 
0120	66| C1 CB 0A	ROR BX, 10 
0124	66| C1 C9 A1	ROR CX, 0A1H 
0128	0F 84	JZ EXIT 
012E	67| D2 AC	SHR VB[SI], CL 
0133	67| 0B 84	OR AX, VD[SI] 
0138	EXIT : 
0138	CODE ENDS 
	END _START

Name:	Length:
DATA1	0007
DATA2	0006
CODE	0138

Name:	Type:	Value:	Attr:
VB	L BYTE	0000	DATA1
СРІМЇ	L BYTE	0001	DATA1
VW	L WORD	0000	DATA2
VD	L DWORD	0002	DATA2
START	L NEAR	0100	CODE
POINT	L NEAR	0108	CODE
EXIT	L NEAR	0138	CODE